#
# A fatal error has been detected by the Java Runtime Environment:
#
#  SIGSEGV (0xb) at pc=0x00007fff20365552, pid=75711, tid=21251
#
# JRE version:  (11.0.6+8) (build )
# Java VM: OpenJDK 64-Bit Server VM (11.0.6+8-b765.1, mixed mode, sharing, tiered, compressed oops, g1 gc, bsd-amd64)
# Problematic frame:
# C  [libsystem_platform.dylib+0x1552]  _platform_strlen+0x12
#
# No core dump will be written. Core dumps have been disabled. To enable core dumping, try "ulimit -c unlimited" before starting Java again
#
# If you would like to submit a bug report, please visit:
#   http://bugreport.java.com/bugreport/crash.jsp
#

---------------  S U M M A R Y ------------

Command Line: getsp -test

Host: Macmini9,1 x86_64 2400 MHz, 8 cores, 16G, Darwin 20.4.0
Time: Wed Jun 30 20:26:50 2021 KST elapsed time: 0 seconds (0d 0h 0m 0s)

---------------  T H R E A D  ---------------

Current thread (0x00007fc3c001f000):  JavaThread "Unknown thread" [_thread_in_vm, id=21251, stack(0x0000000304313000,0x0000000304413000)]

Stack: [0x0000000304313000,0x0000000304413000],  sp=0x0000000304412b70,  free space=1022k
Native frames: (J=compiled Java code, A=aot compiled Java code, j=interpreted, Vv=VM code, C=native code)
C  [libsystem_platform.dylib+0x1552]  _platform_strlen+0x12
V  [libjvm.dylib+0x1ea187]  ClassLoader::setup_boot_search_path(char const*)+0x1d
V  [libjvm.dylib+0x1ecb76]  ClassLoader::initialize()+0x5d8
V  [libjvm.dylib+0x37e881]  init_globals()+0x2d
V  [libjvm.dylib+0x6f1587]  Threads::create_vm(JavaVMInitArgs*, bool*)+0x285
V  [libjvm.dylib+0x3ed088]  JNI_CreateJavaVM+0x60
C  [libjli.dylib+0x412b]  JavaMain+0x10b
C  [libsystem_pthread.dylib+0x6954]  _pthread_start+0xe0
C  [libsystem_pthread.dylib+0x24a7]  thread_start+0xf


siginfo: si_signo: 11 (SIGSEGV), si_code: 1 (SEGV_MAPERR), si_addr: 0x0000000000000000

Registers:
RAX=0x000000010d1368f2, RBX=0x000000010d139990, RCX=0x0000000000000000, RDX=0x0000000000000000
RSP=0x0000000304412b70, RBP=0x0000000304412b70, RSI=0x0000000000000000, RDI=0x0000000000000000
R8 =0x0000000000000000, R9 =0x0000000000000000, R10=0x0000000000000000, R11=0x0000000000000000
R12=0x00007fc3c001f000, R13=0x0000000304412f80, R14=0x000000010cdaabfa, R15=0x0000000304412ef7
RIP=0x00007fff20365552, EFLAGS=0x0000000000000202, ERR=0x0000000000000004
  TRAPNO=0x000000000000000e

Top of Stack: (sp=0x0000000304412b70)
0x0000000304412b70:   0000000304412c90 000000010c9ea187
0x0000000304412b80:   00007fc3bfd1d560 0000000000000008
0x0000000304412b90:   00007fc3bfd1b3c0 0000000000000040
0x0000000304412ba0:   0000000304412bd0 000000010ce2447c
0x0000000304412bb0:   0000000000000038 0000000000000008
0x0000000304412bc0:   00007fc3bfd201e0 0000000000000040
0x0000000304412bd0:   0000000304412c30 000000010ce22a69
0x0000000304412be0:   0000000304412c10 000000010cdcd869
0x0000000304412bf0:   00007fc3bfd1d560 00007fc3bfd201e0
0x0000000304412c00:   00007fc3bfd198b0 00007fc3bfd1b440
0x0000000304412c10:   0000000304412c50 000000010ce230ec
0x0000000304412c20:   00007fc3bfd201e0 00007fc3bfd201e0
0x0000000304412c30:   0000000000000004 000000010cf83b18
0x0000000304412c40:   000000000000000b 0000000000000000
0x0000000304412c50:   df4844f5e37500d9 0000000000000000
0x0000000304412c60:   000000010cdaabfa 000000010d139990
0x0000000304412c70:   00007fc3c001f000 0000000304412f80
0x0000000304412c80:   000000010cdaabfa 0000000304412ef7
0x0000000304412c90:   0000000304412cc0 000000010c9ecb76
0x0000000304412ca0:   00007fc3c001f000 00007fc3c001f000
0x0000000304412cb0:   000000010d139990 000000010cdaabfa
0x0000000304412cc0:   0000000304412d10 000000010cb7e881
0x0000000304412cd0:   00007fc3c001f000 00007fc3bfd1cfc0
0x0000000304412ce0:   00007fc3bfd1d130 00007fc3bfd1d140
0x0000000304412cf0:   00007fc3bfd1d218 00000000000000d8
0x0000000304412d00:   00007fc3bfd1d000 000000010d139990
0x0000000304412d10:   0000000304412ea0 000000010cef1587
0x0000000304412d20:   0000000304412d50 00007fff2033cce8
0x0000000304412d30:   0000000000000000 0000000304412f08
0x0000000304412d40:   0000000000000000 0000000000000001
0x0000000304412d50:   0000000304412ee0 00007fff2033cc26
0x0000000304412d60:   0000000000000100 0000000000000000 

Instructions: (pc=0x00007fff20365552)
0x00007fff20365452:   74 09 48 83 c1 01 48 39 d1 72 e3 5d c3 90 55 48
0x00007fff20365462:   89 e5 48 81 e6 ff 00 00 00 48 0f af 35 75 65 00
0x00007fff20365472:   00 66 48 0f 6e c6 48 89 f8 48 83 fa 40 0f 82 92
0x00007fff20365482:   00 00 00 48 81 fa 00 80 00 00 0f 82 3e 00 00 00
0x00007fff20365492:   e9 28 00 00 00 66 0f 1f 84 00 00 00 00 00 55 48
0x00007fff203654a2:   89 e5 48 89 f2 48 31 f6 0f 57 c0 48 89 f8 48 83
0x00007fff203654b2:   fa 40 72 61 48 81 fa 00 80 00 00 72 11 48 89 d1
0x00007fff203654c2:   48 89 f0 48 89 fa fc f3 aa 48 89 d0 5d c3 c4 e2
0x00007fff203654d2:   7d 18 c0 c5 fc 11 07 48 83 c7 20 48 83 e7 e0 48
0x00007fff203654e2:   89 f9 48 29 c1 48 29 ca 48 83 ea 40 76 13 c5 fc
0x00007fff203654f2:   29 07 c5 fc 29 47 20 48 83 c7 40 48 83 ea 40 77
0x00007fff20365502:   ed c5 fc 11 04 17 c5 fc 11 44 17 20 c5 f8 77 5d
0x00007fff20365512:   c3 48 89 34 17 48 83 ea 08 73 f6 48 83 c2 08 74
0x00007fff20365522:   0b 40 88 74 17 ff 48 83 ea 01 75 f5 5d c3 90 90
0x00007fff20365532:   90 90 90 90 90 90 90 90 90 90 90 90 90 90 55 48
0x00007fff20365542:   89 e5 48 89 f9 48 89 fa 48 83 e7 f0 66 0f ef c0
0x00007fff20365552:   66 0f 74 07 66 0f d7 f0 48 83 e1 0f 48 83 c8 ff
0x00007fff20365562:   48 d3 e0 21 c6 74 17 0f bc c6 48 29 d7 48 01 f8
0x00007fff20365572:   5d c3 66 2e 0f 1f 84 00 00 00 00 00 66 90 48 83
0x00007fff20365582:   c7 10 66 0f ef c0 66 0f 74 07 66 0f d7 f0 85 f6
0x00007fff20365592:   74 ec eb d3 65 48 8b 0c 25 18 00 00 00 41 89 c8
0x00007fff203655a2:   31 c0 f0 4c 0f b1 07 0f 85 cf 20 00 00 e9 00 00
0x00007fff203655b2:   00 00 55 48 89 e5 41 56 53 41 89 ce 48 89 fb 48
0x00007fff203655c2:   89 f7 ff d2 48 c7 c6 ff ff ff ff 48 87 33 44 39
0x00007fff203655d2:   f6 75 05 5b 41 5e 5d c3 48 89 df 44 89 f2 5b 41
0x00007fff203655e2:   5e 5d e9 93 21 00 00 65 8b 14 25 18 00 00 00 31
0x00007fff203655f2:   c0 f0 0f b1 17 75 01 c3 31 f6 e9 22 0a 00 00 55
0x00007fff20365602:   48 89 e5 8b 3f 89 f8 83 c8 01 65 3b 04 25 18 00
0x00007fff20365612:   00 00 75 02 5d c3 e8 87 5f 00 00 90 90 90 ba ff
0x00007fff20365622:   ff ff ff 0f bc c7 0f 44 c2 ff c0 c3 66 90 ba ff
0x00007fff20365632:   ff ff ff 48 0f bc c7 0f 44 c2 ff c0 c3 90 ba ff
0x00007fff20365642:   ff ff ff 0f bd c7 0f 44 c2 ff c0 c3 66 90 ba ff 



---------------  P R O C E S S  ---------------

Threads class SMR info:
_java_thread_list=0x00007fc3bfd14350, length=0, elements={
}

Java Threads: ( => current thread )

Other Threads:

[error occurred during error reporting (printing all threads), id 0xb, SIGSEGV (0xb) at pc=0x000000010cef28a2]

VM state:not at safepoint (not fully initialized)

VM Mutex/Monitor currently owned by a thread: None


[error occurred during error reporting (printing compressed oops mode), id 0xb, SIGSEGV (0xb) at pc=0x000000010cf09904]

Deoptimization events (0 events):
No events

Classes redefined (0 events):
No events

Internal exceptions (0 events):
No events

Events (3 events):
Event: 0.012 Protecting memory [0x0000000304313000,0x0000000304317000] with protection modes 0
Event: 0.015 Loaded shared library /Users/iganghui/opt/anaconda3/envs/renv/lib/libzip.dylib
Event: 0.016 Loaded shared library /Users/iganghui/opt/anaconda3/envs/renv/lib/libjimage.dylib


Dynamic libraries:
0x00007ffdffd6d000 	/Library/Apple/usr/libexec/oah/runtime
0x00007fff350a9000 	/System/Library/Frameworks/Cocoa.framework/Versions/A/Cocoa
0x00007fff220d3000 	/System/Library/Frameworks/Security.framework/Versions/A/Security
0x00007fff332cc000 	/System/Library/Frameworks/ApplicationServices.framework/Versions/A/ApplicationServices
0x00007fff2a581000 	/usr/lib/libz.1.dylib
0x0000000108358000 	/Users/iganghui/opt/anaconda3/envs/renv/lib/jli/libjli.dylib
0x00007fff2a64d000 	/usr/lib/libSystem.B.dylib
0x00007fff22b01000 	/System/Library/Frameworks/AppKit.framework/Versions/C/AppKit
0x00007fff259df000 	/System/Library/Frameworks/CoreData.framework/Versions/A/CoreData
0x00007fff2106e000 	/System/Library/Frameworks/Foundation.framework/Versions/C/Foundation
0x00007fff23849000 	/System/Library/PrivateFrameworks/UIFoundation.framework/Versions/A/UIFoundation
0x00007fff2fdae000 	/System/Library/PrivateFrameworks/RemoteViewServices.framework/Versions/A/RemoteViewServices
0x00007fff28b7c000 	/System/Library/PrivateFrameworks/XCTTargetBootstrap.framework/Versions/A/XCTTargetBootstrap
0x00007fff2b8c3000 	/usr/lib/libspindump.dylib
0x00007fff23a98000 	/System/Library/Frameworks/UniformTypeIdentifiers.framework/Versions/A/UniformTypeIdentifiers
0x00007fff27380000 	/usr/lib/libapp_launch_measurement.dylib
0x00007fff27383000 	/System/Library/PrivateFrameworks/CoreAutoLayout.framework/Versions/A/CoreAutoLayout
0x00007fff284e3000 	/System/Library/Frameworks/Metal.framework/Versions/A/Metal
0x00007fff291dc000 	/usr/lib/liblangid.dylib
0x00007fff28b80000 	/System/Library/PrivateFrameworks/CoreSVG.framework/Versions/A/CoreSVG
0x00007fff24ad0000 	/System/Library/PrivateFrameworks/SkyLight.framework/Versions/A/SkyLight
0x00007fff24e34000 	/System/Library/Frameworks/CoreGraphics.framework/Versions/A/CoreGraphics
0x00007fff302d0000 	/System/Library/Frameworks/Accelerate.framework/Versions/A/Accelerate
0x00007fff2b302000 	/System/Library/PrivateFrameworks/IconServices.framework/Versions/A/IconServices
0x00007fff284c7000 	/System/Library/Frameworks/IOSurface.framework/Versions/A/IOSurface
0x00007fff2636c000 	/usr/lib/libDiagnosticMessagesClient.dylib
0x00007fff28b68000 	/System/Library/PrivateFrameworks/DFRFoundation.framework/Versions/A/DFRFoundation
0x00007fff22428000 	/usr/lib/libicucore.A.dylib
0x00007fff2ce00000 	/System/Library/Frameworks/AudioToolbox.framework/Versions/A/AudioToolbox
0x00007fff2c092000 	/System/Library/PrivateFrameworks/DataDetectorsCore.framework/Versions/A/DataDetectorsCore
0x00007fff24a44000 	/usr/lib/libMobileGestalt.dylib
0x00007fff2886c000 	/System/Library/Frameworks/Carbon.framework/Versions/A/Frameworks/HIToolbox.framework/Versions/A/HIToolbox
0x00007fff26dca000 	/System/Library/Frameworks/QuartzCore.framework/Versions/A/QuartzCore
0x00007fff2fde6000 	/System/Library/Frameworks/Carbon.framework/Versions/A/Frameworks/SpeechRecognition.framework/Versions/A/SpeechRecognition
0x00007fff270e9000 	/System/Library/PrivateFrameworks/CoreUI.framework/Versions/A/CoreUI
0x00007fff21a42000 	/System/Library/Frameworks/CoreAudio.framework/Versions/A/CoreAudio
0x00007fff26457000 	/System/Library/Frameworks/DiskArbitration.framework/Versions/A/DiskArbitration
0x00007fff2bc90000 	/System/Library/PrivateFrameworks/MultitouchSupport.framework/Versions/A/MultitouchSupport
0x00007fff2c089000 	/System/Library/PrivateFrameworks/InternationalSupport.framework/Versions/A/InternationalSupport
0x00007fff24a43000 	/usr/lib/libenergytrace.dylib
0x00007fff229f8000 	/System/Library/Frameworks/IOKit.framework/Versions/A/IOKit
0x00007fff30119000 	/System/Library/Frameworks/CoreServices.framework/Versions/A/CoreServices
0x00007fff27316000 	/System/Library/PrivateFrameworks/PerformanceAnalysis.framework/Versions/A/PerformanceAnalysis
0x00007fff6bb63000 	/System/Library/Frameworks/OpenGL.framework/Versions/A/OpenGL
0x00007fff2c10d000 	/System/Library/PrivateFrameworks/UserActivity.framework/Versions/A/UserActivity
0x00007fff201ba000 	/usr/lib/libobjc.A.dylib
0x00007fff254e6000 	/System/Library/Frameworks/ColorSync.framework/Versions/A/ColorSync
0x00007fff2039a000 	/System/Library/Frameworks/CoreFoundation.framework/Versions/A/CoreFoundation
0x00007fff28dea000 	/System/Library/Frameworks/CoreImage.framework/Versions/A/CoreImage
0x00007fff2185d000 	/System/Library/Frameworks/CoreText.framework/Versions/A/CoreText
0x00007fff28baa000 	/System/Library/Frameworks/ImageIO.framework/Versions/A/ImageIO
0x00007fff2a653000 	/System/Library/PrivateFrameworks/SoftLinking.framework/Versions/A/SoftLinking
0x00007fff273cb000 	/usr/lib/libxml2.2.dylib
0x00007fff20280000 	/usr/lib/libc++.1.dylib
0x00007fff2a8c0000 	/usr/lib/libcompression.dylib
0x00007fff2bfbb000 	/System/Library/PrivateFrameworks/TextureIO.framework/Versions/A/TextureIO
0x00007fff2afa7000 	/usr/lib/libate.dylib
0x00007fff2a647000 	/usr/lib/system/libcache.dylib
0x00007fff2a603000 	/usr/lib/system/libcommonCrypto.dylib
0x00007fff2a62d000 	/usr/lib/system/libcompiler_rt.dylib
0x00007fff2a622000 	/usr/lib/system/libcopyfile.dylib
0x00007fff200aa000 	/usr/lib/system/libcorecrypto.dylib
0x00007fff20175000 	/usr/lib/system/libdispatch.dylib
0x00007fff20328000 	/usr/lib/system/libdyld.dylib
0x00007fff2a63e000 	/usr/lib/system/libkeymgr.dylib
0x00007fff2db97000 	/usr/lib/system/liblaunch.dylib
0x00007fff2a5e1000 	/usr/lib/system/libmacho.dylib
0x00007fff29dd5000 	/usr/lib/system/libquarantine.dylib
0x00007fff2a63b000 	/usr/lib/system/libremovefile.dylib
0x00007fff24aa1000 	/usr/lib/system/libsystem_asl.dylib
0x00007fff2005a000 	/usr/lib/system/libsystem_blocks.dylib
0x00007fff201f7000 	/usr/lib/system/libsystem_c.dylib
0x00007fff2a635000 	/usr/lib/system/libsystem_collections.dylib
0x00007fff291cd000 	/usr/lib/system/libsystem_configuration.dylib
0x00007fff284b6000 	/usr/lib/system/libsystem_containermanager.dylib
0x00007fff2a380000 	/usr/lib/system/libsystem_coreservices.dylib
0x00007fff22688000 	/usr/lib/system/libsystem_darwin.dylib
0x00007fff2a63f000 	/usr/lib/system/libsystem_dnssd.dylib
0x00007fff201f4000 	/usr/lib/system/libsystem_featureflags.dylib
0x00007fff2036e000 	/usr/lib/system/libsystem_info.dylib
0x00007fff2a594000 	/usr/lib/system/libsystem_m.dylib
0x00007fff20148000 	/usr/lib/system/libsystem_malloc.dylib
0x00007fff24a34000 	/usr/lib/system/libsystem_networkextension.dylib
0x00007fff22aa7000 	/usr/lib/system/libsystem_notify.dylib
0x00007fff3001b000 	/usr/lib/system/libsystem_product_info_filter.dylib
0x00007fff291d1000 	/usr/lib/system/libsystem_sandbox.dylib
0x00007fff2a638000 	/usr/lib/system/libsystem_secinit.dylib
0x00007fff202ec000 	/usr/lib/system/libsystem_kernel.dylib
0x00007fff20364000 	/usr/lib/system/libsystem_platform.dylib
0x00007fff2031c000 	/usr/lib/system/libsystem_pthread.dylib
0x00007fff261af000 	/usr/lib/system/libsystem_symptoms.dylib
0x00007fff20092000 	/usr/lib/system/libsystem_trace.dylib
0x00007fff2a60f000 	/usr/lib/system/libunwind.dylib
0x00007fff2005c000 	/usr/lib/system/libxpc.dylib
0x00007fff202d6000 	/usr/lib/libc++abi.dylib
0x00007fff2a61a000 	/usr/lib/liboah.dylib
0x00007fff2acd4000 	/usr/lib/liblzma.5.dylib
0x00007fff20d82000 	/System/Library/Frameworks/SystemConfiguration.framework/Versions/A/SystemConfiguration
0x00007fff2a64f000 	/usr/lib/libfakelink.dylib
0x00007fff24595000 	/System/Library/Frameworks/CFNetwork.framework/Versions/A/CFNetwork
0x00007fff2a78f000 	/usr/lib/libarchive.2.dylib
0x00007fff20e00000 	/usr/lib/libCRFSuite.dylib
0x00007fff29dfc000 	/usr/lib/libbsm.0.dylib
0x00007fff23f15000 	/usr/lib/libnetwork.dylib
0x00007fff2a654000 	/usr/lib/libpcap.A.dylib
0x00007fff261a8000 	/usr/lib/libdns_services.dylib
0x00007fff2aced000 	/usr/lib/libcoretls_cfhelpers.dylib
0x00007fff2a88e000 	/usr/lib/libapple_nghttp2.dylib
0x00007fff2a5e7000 	/usr/lib/system/libkxld.dylib
0x00007fff25e26000 	/usr/lib/libsqlite3.dylib
0x00007fff2a363000 	/System/Library/PrivateFrameworks/AppleFSCompression.framework/Versions/A/AppleFSCompression
0x00007fff29de4000 	/usr/lib/libcoretls.dylib
0x00007fff2a8bb000 	/usr/lib/libpam.2.dylib
0x00007fff2adea000 	/usr/lib/libxar.1.dylib
0x00007fff291d8000 	/System/Library/PrivateFrameworks/AppleSystemInfo.framework/Versions/A/AppleSystemInfo
0x00007fff29a26000 	/System/Library/PrivateFrameworks/IOMobileFramebuffer.framework/Versions/A/IOMobileFramebuffer
0x00007fff2a373000 	/usr/lib/libbz2.1.0.dylib
0x00007fff2a68c000 	/usr/lib/libiconv.2.dylib
0x00007fff2a5e0000 	/usr/lib/libcharset.1.dylib
0x00007fff27352000 	/System/Library/Frameworks/CoreServices.framework/Versions/A/Frameworks/FSEvents.framework/Versions/A/FSEvents
0x00007fff22692000 	/System/Library/Frameworks/CoreServices.framework/Versions/A/Frameworks/CarbonCore.framework/Versions/A/CarbonCore
0x00007fff263bc000 	/System/Library/Frameworks/CoreServices.framework/Versions/A/Frameworks/Metadata.framework/Versions/A/Metadata
0x00007fff2a385000 	/System/Library/Frameworks/CoreServices.framework/Versions/A/Frameworks/OSServices.framework/Versions/A/OSServices
0x00007fff2a801000 	/System/Library/Frameworks/CoreServices.framework/Versions/A/Frameworks/SearchKit.framework/Versions/A/SearchKit
0x00007fff26133000 	/System/Library/Frameworks/CoreServices.framework/Versions/A/Frameworks/AE.framework/Versions/A/AE
0x00007fff20838000 	/System/Library/Frameworks/CoreServices.framework/Versions/A/Frameworks/LaunchServices.framework/Versions/A/LaunchServices
0x00007fff2ac84000 	/System/Library/Frameworks/CoreServices.framework/Versions/A/Frameworks/DictionaryServices.framework/Versions/A/DictionaryServices
0x00007fff2735b000 	/System/Library/Frameworks/CoreServices.framework/Versions/A/Frameworks/SharedFileList.framework/Versions/A/SharedFileList
0x00007fff29dd8000 	/usr/lib/libCheckFix.dylib
0x00007fff24ab8000 	/System/Library/PrivateFrameworks/TCC.framework/Versions/A/TCC
0x00007fff291de000 	/System/Library/PrivateFrameworks/CoreNLP.framework/Versions/A/CoreNLP
0x00007fff2636f000 	/System/Library/PrivateFrameworks/MetadataUtilities.framework/Versions/A/MetadataUtilities
0x00007fff20e35000 	/usr/lib/libmecabra.dylib
0x00007fff2a0e2000 	/System/Library/Frameworks/MLCompute.framework/Versions/A/MLCompute
0x00007fff29e0d000 	/usr/lib/libmecab.dylib
0x00007fff29e57000 	/usr/lib/libgermantok.dylib
0x00007fff2a869000 	/usr/lib/libThaiTokenizer.dylib
0x00007fff2ae25000 	/usr/lib/libChineseTokenizer.dylib
0x00007fff2a8b9000 	/System/Library/Frameworks/MetalPerformanceShaders.framework/Versions/A/MetalPerformanceShaders
0x00007fff2645e000 	/System/Library/Frameworks/Accelerate.framework/Versions/A/Frameworks/vImage.framework/Versions/A/vImage
0x00007fff300f3000 	/System/Library/Frameworks/Accelerate.framework/Versions/A/Frameworks/vecLib.framework/Versions/A/vecLib
0x00007fff2ae30000 	/System/Library/Frameworks/Accelerate.framework/Versions/A/Frameworks/vecLib.framework/Versions/A/libvMisc.dylib
0x00007fff29886000 	/System/Library/Frameworks/Accelerate.framework/Versions/A/Frameworks/vecLib.framework/Versions/A/libvDSP.dylib
0x00007fff20b3f000 	/System/Library/Frameworks/Accelerate.framework/Versions/A/Frameworks/vecLib.framework/Versions/A/libBLAS.dylib
0x00007fff2a8df000 	/System/Library/Frameworks/Accelerate.framework/Versions/A/Frameworks/vecLib.framework/Versions/A/libLAPACK.dylib
0x00007fff29e5d000 	/System/Library/Frameworks/Accelerate.framework/Versions/A/Frameworks/vecLib.framework/Versions/A/libLinearAlgebra.dylib
0x00007fff2a8a6000 	/System/Library/Frameworks/Accelerate.framework/Versions/A/Frameworks/vecLib.framework/Versions/A/libSparseBLAS.dylib
0x00007fff2a8d9000 	/System/Library/Frameworks/Accelerate.framework/Versions/A/Frameworks/vecLib.framework/Versions/A/libQuadrature.dylib
0x00007fff2928a000 	/System/Library/Frameworks/Accelerate.framework/Versions/A/Frameworks/vecLib.framework/Versions/A/libBNNS.dylib
0x00007fff20d13000 	/System/Library/Frameworks/Accelerate.framework/Versions/A/Frameworks/vecLib.framework/Versions/A/libSparse.dylib
0x00007fff29166000 	/System/Library/Frameworks/MetalPerformanceShaders.framework/Versions/A/Frameworks/MPSCore.framework/Versions/A/MPSCore
0x00007fff2a2d2000 	/System/Library/Frameworks/MetalPerformanceShaders.framework/Versions/A/Frameworks/MPSImage.framework/Versions/A/MPSImage
0x00007fff29e73000 	/System/Library/Frameworks/MetalPerformanceShaders.framework/Versions/A/Frameworks/MPSNeuralNetwork.framework/Versions/A/MPSNeuralNetwork
0x00007fff2a244000 	/System/Library/Frameworks/MetalPerformanceShaders.framework/Versions/A/Frameworks/MPSMatrix.framework/Versions/A/MPSMatrix
0x00007fff2a092000 	/System/Library/Frameworks/MetalPerformanceShaders.framework/Versions/A/Frameworks/MPSRayIntersector.framework/Versions/A/MPSRayIntersector
0x00007fff2a27b000 	/System/Library/Frameworks/MetalPerformanceShaders.framework/Versions/A/Frameworks/MPSNDArray.framework/Versions/A/MPSNDArray
0x00007fff20a6b000 	/System/Library/PrivateFrameworks/MetalTools.framework/Versions/A/MetalTools
0x00007fff291d6000 	/System/Library/PrivateFrameworks/AggregateDictionary.framework/Versions/A/AggregateDictionary
0x00007fff2633c000 	/System/Library/PrivateFrameworks/CoreAnalytics.framework/Versions/A/CoreAnalytics
0x00007fff2a86b000 	/System/Library/PrivateFrameworks/AppleSauce.framework/Versions/A/AppleSauce
0x00007fff284d9000 	/System/Library/PrivateFrameworks/IOAccelerator.framework/Versions/A/IOAccelerator
0x00007fff6bb57000 	/System/Library/Frameworks/OpenGL.framework/Versions/A/Libraries/libCoreFSCache.dylib
0x00007fff213cc000 	/System/Library/PrivateFrameworks/LanguageModeling.framework/Versions/A/LanguageModeling
0x00007fff29a14000 	/System/Library/PrivateFrameworks/CoreEmoji.framework/Versions/A/CoreEmoji
0x00007fff29283000 	/System/Library/PrivateFrameworks/LinguisticData.framework/Versions/A/LinguisticData
0x00007fff20cc6000 	/System/Library/PrivateFrameworks/Lexicon.framework/Versions/A/Lexicon
0x00007fff2a77d000 	/usr/lib/libcmph.dylib
0x00007fff27332000 	/System/Library/Frameworks/OpenDirectory.framework/Versions/A/Frameworks/CFOpenDirectory.framework/Versions/A/CFOpenDirectory
0x00007fff27322000 	/System/Library/Frameworks/OpenDirectory.framework/Versions/A/OpenDirectory
0x00007fff2acef000 	/System/Library/PrivateFrameworks/APFS.framework/Versions/A/APFS
0x00007fff29d3a000 	/System/Library/Frameworks/SecurityFoundation.framework/Versions/A/SecurityFoundation
0x00007fff2adf8000 	/usr/lib/libutil.dylib
0x00007fff229bd000 	/System/Library/PrivateFrameworks/CoreServicesStore.framework/Versions/A/CoreServicesStore
0x00007fff29dd0000 	/System/Library/Frameworks/ServiceManagement.framework/Versions/A/ServiceManagement
0x00007fff2adfc000 	/usr/lib/libxslt.1.dylib
0x00007fff29dc6000 	/System/Library/PrivateFrameworks/BackgroundTaskManagement.framework/Versions/A/BackgroundTaskManagement
0x00007fff2bf06000 	/System/Library/Frameworks/ImageIO.framework/Versions/A/Resources/libRadiance.dylib
0x00007fff2bf0f000 	/System/Library/Frameworks/ImageIO.framework/Versions/A/Resources/libJPEG.dylib
0x00007fff2be5a000 	/System/Library/Frameworks/ImageIO.framework/Versions/A/Resources/libPng.dylib
0x00007fff2be81000 	/System/Library/Frameworks/ImageIO.framework/Versions/A/Resources/libTIFF.dylib
0x00007fff2bf64000 	/System/Library/Frameworks/ImageIO.framework/Versions/A/Resources/libGIF.dylib
0x00007fff2bbad000 	/System/Library/Frameworks/ImageIO.framework/Versions/A/Resources/libJP2.dylib
0x00007fff2b2ca000 	/usr/lib/libexpat.1.dylib
0x00007fff2bb63000 	/System/Library/PrivateFrameworks/AppleJPEG.framework/Versions/A/AppleJPEG
0x00007fff2870f000 	/System/Library/PrivateFrameworks/FontServices.framework/libFontParser.dylib
0x00007fff260ea000 	/System/Library/PrivateFrameworks/RunningBoardServices.framework/Versions/A/RunningBoardServices
0x00007fff2bc8c000 	/System/Library/PrivateFrameworks/WatchdogClient.framework/Versions/A/WatchdogClient
0x00007fff214b5000 	/System/Library/Frameworks/CoreDisplay.framework/Versions/A/CoreDisplay
0x00007fff28624000 	/System/Library/Frameworks/CoreMedia.framework/Versions/A/CoreMedia
0x00007fff274ae000 	/System/Library/Frameworks/CoreVideo.framework/Versions/A/CoreVideo
0x00007fff2bcc7000 	/System/Library/Frameworks/VideoToolbox.framework/Versions/A/VideoToolbox
0x00007fff2606a000 	/System/Library/PrivateFrameworks/BaseBoard.framework/Versions/A/BaseBoard
0x00007fff2b40d000 	/System/Library/PrivateFrameworks/PersistentConnection.framework/Versions/A/PersistentConnection
0x00007fff25e10000 	/System/Library/PrivateFrameworks/ProtocolBuffer.framework/Versions/A/ProtocolBuffer
0x00007fff26052000 	/System/Library/PrivateFrameworks/CommonUtilities.framework/Versions/A/CommonUtilities
0x00007fff2bb26000 	/System/Library/PrivateFrameworks/Bom.framework/Versions/A/Bom
0x00007fff2befe000 	/System/Library/PrivateFrameworks/GPUWrangler.framework/Versions/A/GPUWrangler
0x00007fff2bee1000 	/System/Library/PrivateFrameworks/IOPresentment.framework/Versions/A/IOPresentment
0x00007fff2bf09000 	/System/Library/PrivateFrameworks/DSExternalDisplay.framework/Versions/A/DSExternalDisplay
0x00007fff2bf69000 	/System/Library/PrivateFrameworks/CMCaptureCore.framework/Versions/A/CMCaptureCore
0x00007fff2b8a9000 	/System/Library/PrivateFrameworks/AppServerSupport.framework/Versions/A/AppServerSupport
0x00007fff2d93a000 	/System/Library/PrivateFrameworks/perfdata.framework/Versions/A/perfdata
0x00007fff29d29000 	/System/Library/PrivateFrameworks/AssertionServices.framework/Versions/A/AssertionServices
0x00007fff215ec000 	/System/Library/PrivateFrameworks/AudioToolboxCore.framework/Versions/A/AudioToolboxCore
0x00007fff28607000 	/System/Library/PrivateFrameworks/caulk.framework/Versions/A/caulk
0x00007fff3cd2f000 	/System/Library/PrivateFrameworks/SystemPolicy.framework/Versions/A/SystemPolicy
0x00007fff2b0d9000 	/usr/lib/libIOReport.dylib
0x00007fff2d176000 	/usr/lib/libSMC.dylib
0x00007fff2be26000 	/usr/lib/libAudioToolboxUtility.dylib
0x00007fff3d68a000 	/usr/lib/libmis.dylib
0x00007fff6bbb3000 	/System/Library/Frameworks/OpenGL.framework/Versions/A/Libraries/libGLU.dylib
0x00007fff6bb76000 	/System/Library/Frameworks/OpenGL.framework/Versions/A/Libraries/libGFXShared.dylib
0x00007fff6bd84000 	/System/Library/Frameworks/OpenGL.framework/Versions/A/Libraries/libGL.dylib
0x00007fff6bb7f000 	/System/Library/Frameworks/OpenGL.framework/Versions/A/Libraries/libGLImage.dylib
0x00007fff6bb73000 	/System/Library/Frameworks/OpenGL.framework/Versions/A/Libraries/libCVMSPluginSupport.dylib
0x00007fff6bb5e000 	/System/Library/Frameworks/OpenGL.framework/Versions/A/Libraries/libCoreVMClient.dylib
0x00007fff6d1ce000 	/System/Library/Frameworks/OpenCL.framework/Versions/A/OpenCL
0x00007fff2b436000 	/System/Library/PrivateFrameworks/GraphVisualizer.framework/Versions/A/GraphVisualizer
0x00007fff2b445000 	/System/Library/PrivateFrameworks/FaceCore.framework/Versions/A/FaceCore
0x00007fff2b861000 	/System/Library/PrivateFrameworks/OTSVG.framework/Versions/A/OTSVG
0x00007fff270a7000 	/System/Library/Frameworks/ApplicationServices.framework/Versions/A/Frameworks/ATS.framework/Versions/A/Resources/libFontRegistry.dylib
0x00007fff2b8b0000 	/System/Library/PrivateFrameworks/FontServices.framework/libhvf.dylib
0x00007fff2b276000 	/System/Library/PrivateFrameworks/AppleVA.framework/Versions/A/AppleVA
0x00007fff2cfbe000 	/System/Library/Frameworks/ApplicationServices.framework/Versions/A/Frameworks/ATS.framework/Versions/A/ATS
0x00007fff2d2d1000 	/System/Library/Frameworks/ApplicationServices.framework/Versions/A/Frameworks/ColorSyncLegacy.framework/Versions/A/ColorSyncLegacy
0x00007fff255dd000 	/System/Library/Frameworks/ApplicationServices.framework/Versions/A/Frameworks/HIServices.framework/Versions/A/HIServices
0x00007fff2d2b6000 	/System/Library/Frameworks/ApplicationServices.framework/Versions/A/Frameworks/LangAnalysis.framework/Versions/A/LangAnalysis
0x00007fff2bf73000 	/System/Library/Frameworks/ApplicationServices.framework/Versions/A/Frameworks/PrintCore.framework/Versions/A/PrintCore
0x00007fff2d2d9000 	/System/Library/Frameworks/ApplicationServices.framework/Versions/A/Frameworks/QD.framework/Versions/A/QD
0x00007fff2cfae000 	/System/Library/Frameworks/ApplicationServices.framework/Versions/A/Frameworks/SpeechSynthesis.framework/Versions/A/SpeechSynthesis
0x00007fff2bf34000 	/System/Library/Frameworks/ApplicationServices.framework/Versions/A/Frameworks/ATSUI.framework/Versions/A/ATSUI
0x00007fff2d256000 	/usr/lib/libcups.2.dylib
0x00007fff2d2c6000 	/System/Library/PrivateFrameworks/NetAuth.framework/Versions/A/NetAuth
0x00007fff2d955000 	/System/Library/Frameworks/Kerberos.framework/Versions/A/Kerberos
0x00007fff2d965000 	/System/Library/Frameworks/GSS.framework/Versions/A/GSS
0x00007fff2d02b000 	/usr/lib/libresolv.9.dylib
0x00007fff2b8c6000 	/System/Library/PrivateFrameworks/Heimdal.framework/Versions/A/Heimdal
0x00007fff335e1000 	/System/Library/Frameworks/Kerberos.framework/Versions/A/Libraries/libHeimdalProxy.dylib
0x00007fff261b7000 	/System/Library/Frameworks/Network.framework/Versions/A/Network
0x00007fff2b2e3000 	/usr/lib/libheimdal-asn1.dylib
0x00007fff2d9b6000 	/System/Library/PrivateFrameworks/CommonAuth.framework/Versions/A/CommonAuth
0x00007fff274fc000 	/System/Library/PrivateFrameworks/login.framework/Versions/A/Frameworks/loginsupport.framework/Versions/A/loginsupport
0x00007fff2cf35000 	/System/Library/PrivateFrameworks/AudioSession.framework/Versions/A/AudioSession
0x00007fff2cf9b000 	/usr/lib/libAudioStatistics.dylib
0x00007fff2b36f000 	/System/Library/PrivateFrameworks/MediaExperience.framework/Versions/A/MediaExperience
0x00007fff2cdce000 	/System/Library/PrivateFrameworks/AudioSession.framework/libSessionUtility.dylib
0x00007fff2d946000 	/usr/lib/libperfcheck.dylib
0x00007fff2d2e5000 	/System/Library/PrivateFrameworks/AudioResourceArbitration.framework/Versions/A/AudioResourceArbitration
0x00007fff2b2ed000 	/System/Library/PrivateFrameworks/IconFoundation.framework/Versions/A/IconFoundation
0x00007fff2fdd6000 	/System/Library/PrivateFrameworks/SpeechRecognitionCore.framework/Versions/A/SpeechRecognitionCore
0x00007fff5cf7a000 	/System/Library/CoreServices/Encodings/libKoreanConverter.dylib
0x000000010c800000 	/Users/iganghui/opt/anaconda3/envs/renv/lib/server/libjvm.dylib
0x0000000108469000 	/Users/iganghui/opt/anaconda3/envs/renv/lib/libverify.dylib
0x00000001085a3000 	/Users/iganghui/opt/anaconda3/envs/renv/lib/libjava.dylib
0x00000001085d8000 	/Users/iganghui/opt/anaconda3/envs/renv/lib/libzip.dylib
0x00000001085e4000 	/Users/iganghui/opt/anaconda3/envs/renv/lib/libjimage.dylib


VM Arguments:
java_command: getsp -test
java_class_path (initial): /Users/iganghui/opt/anaconda3/envs/renv/lib/R/share/java
Launcher Type: SUN_STANDARD

[Global flags]
     uint G1ConcRefinementThreads                  = 8                                         {product} {ergonomic}
    uintx GCDrainStackTargetSize                   = 64                                        {product} {ergonomic}
   size_t InitialHeapSize                          = 268435456                                 {product} {ergonomic}
   size_t MaxHeapSize                              = 4294967296                                {product} {ergonomic}
    uintx ReservedCodeCacheSize                    = 251658240                              {pd product} {ergonomic}
     bool SegmentedCodeCache                       = true                                      {product} {ergonomic}
     bool UseCompressedClassPointers               = true                                 {lp64_product} {ergonomic}
     bool UseCompressedOops                        = true                                 {lp64_product} {ergonomic}
     bool UseG1GC                                  = true                                      {product} {ergonomic}

Logging:
Log output configuration:
 #0: stdout all=warning uptime,level,tags
 #1: stderr all=off uptime,level,tags

Environment Variables:
PATH=/Users/iganghui/opt/anaconda3/envs/renv/bin:/Users/iganghui/opt/anaconda3/condabin:/Library/Frameworks/Python.framework/Versions/3.9/bin:/usr/local/bin:/usr/bin:/bin:/usr/sbin:/sbin:/Applications/Postgres.app/Contents/Versions/13/bin
SHELL=/bin/zsh

Signal Handlers:
SIGSEGV: [libjvm.dylib+0x7429f0], sa_mask[0]=11111111111111111111111111111111, sa_flags=SA_ONSTACK|SA_RESTART|SA_SIGINFO
SIGBUS: [libjvm.dylib+0x7429f0], sa_mask[0]=11111111111111111111111111111111, sa_flags=SA_RESTART|SA_SIGINFO
SIGFPE: [libjvm.dylib+0x7429f0], sa_mask[0]=11111111111111111111111111111111, sa_flags=SA_RESTART|SA_SIGINFO
SIGPIPE: [libjvm.dylib+0x5f4767], sa_mask[0]=11111111111111111111111111111111, sa_flags=SA_RESTART|SA_SIGINFO
SIGXFSZ: [libjvm.dylib+0x5f4767], sa_mask[0]=11111111111111111111111111111111, sa_flags=SA_RESTART|SA_SIGINFO
SIGILL: [libjvm.dylib+0x7429f0], sa_mask[0]=11111111111111111111111111111111, sa_flags=SA_RESTART|SA_SIGINFO
SIGUSR2: [libjvm.dylib+0x5f4d51], sa_mask[0]=00000000000000000000000000000000, sa_flags=SA_RESTART|SA_SIGINFO
SIGHUP: SIG_DFL, sa_mask[0]=00000000000000000000000000000000, sa_flags=none
SIGINT: SIG_DFL, sa_mask[0]=00000000000000000000000000000000, sa_flags=none
SIGTERM: SIG_DFL, sa_mask[0]=00000000000000000000000000000000, sa_flags=SA_RESTART
SIGQUIT: SIG_DFL, sa_mask[0]=00000000000000000000000000000000, sa_flags=none


---------------  S Y S T E M  ---------------

OS:uname:Darwin 20.4.0 Darwin Kernel Version 20.4.0: Thu Apr 22 21:46:41 PDT 2021; root:xnu-7195.101.2~1/RELEASE_ARM64_T8101 x86_64
rlimit: STACK 8176k, CORE 0k, NPROC 2666, NOFILE 10240, AS infinity, DATA infinity, FSIZE infinity
load average:1.45 1.19 1.29

CPU:total 8 (initial active 8) 

Memory: 4k page, physical 16777216k(37748k free), swap 0k(0k free)

vm_info: OpenJDK 64-Bit Server VM (11.0.6+8-b765.1) for bsd-amd64 JRE (11.0.6+8-b765.1), built on Feb 21 2020 17:31:52 by "builduser" with gcc 4.2.1 Compatible Apple LLVM 10.0.0 (clang-1000.10.44.4)

END.
